================================================================================
Ingestion Log Started: 2026-06-14T08:33:34.803277
Job Type: ingestion
================================================================================

[08:33:34 +0.0s] [INFO   ] INIT — Starting ingestion process
[08:33:34 +0.0s] [INFO   ] CHECK — Checking raw/ folder: /Users/dannytsao/Documents/PersonalKM/raw
[08:33:34 +0.0s] [INFO   ] INIT_SCHEMA — Loading wiki schema
[08:33:34 +0.0s] [✅ OK   ] INIT_SCHEMA
[08:33:34 +0.0s] [INFO   ] INIT_INDEX — Loading wiki index
[08:33:34 +0.0s] [✅ OK   ] INIT_INDEX
[08:33:34 +0.0s] [INFO   ] INIT_LOG — Loading wiki log
[08:33:34 +0.0s] [✅ OK   ] INIT_LOG
[08:33:34 +0.0s] [INFO   ] SCAN — Scanning raw/ for markdown files
[08:33:34 +0.0s] [✅ OK   ] SCAN — Found 285 files
[08:33:35 +0.3s] [✅ OK   ] GRAPH — Knowledge graph updated
[08:33:35 +0.3s] [✅ OK   ] SAVE_INDEX — Wiki index saved
[08:33:35 +0.3s] [✅ OK   ] SAVE_LOG — Wiki log saved

================================================================================
Ingestion Log Finished: 2026-06-14T08:33:35.146340
Result: success
Processed: 273
Trashed: 12
Failed: 0
Log File: /Users/dannytsao/Documents/PersonalKM/outputs/ingestion-logs/ingestion-2026-06-14-083334.log
================================================================================

